<?xml version="1.0" encoding="UTF-8"?>
<!-- Generated by org.testng.reporters.JUnitXMLReporter -->
<testsuite hostname="DESKTOP-9BM9BDT" ignored="0" name="Surefire test" tests="24" failures="0" timestamp="30 ноя 2017 20:37:39 GMT" time="0.079" errors="0">
  <testcase name="testDivide" time="0.0" classname="by.bsu.mmf.calculator.CalculatorTest"/>
  <testcase name="testDivideByZero" time="0.0" classname="by.bsu.mmf.calculator.CalculatorTest"/>
  <testcase name="testDivideZero" time="0.0" classname="by.bsu.mmf.calculator.CalculatorTest"/>
  <testcase name="testMultiply" time="0.0" classname="by.bsu.mmf.calculator.CalculatorTest"/>
  <testcase name="testMultiplyByZero" time="0.0" classname="by.bsu.mmf.calculator.CalculatorTest"/>
  <testcase name="testSubtraction" time="0.0" classname="by.bsu.mmf.calculator.CalculatorTest"/>
  <testcase name="testSubtractionMinus" time="0.016" classname="by.bsu.mmf.calculator.CalculatorTest"/>
  <testcase name="testSubtractionTwoMinus" time="0.0" classname="by.bsu.mmf.calculator.CalculatorTest"/>
  <testcase name="testSum" time="0.0" classname="by.bsu.mmf.calculator.CalculatorTest"/>
  <testcase name="testSumMinus" time="0.0" classname="by.bsu.mmf.calculator.CalculatorTest"/>
  <testcase name="testSumTwoMinus" time="0.0" classname="by.bsu.mmf.calculator.CalculatorTest"/>
  <testcase name="testSumZero" time="0.0" classname="by.bsu.mmf.calculator.CalculatorTest"/>
  <testcase name="testDivide" time="0.0" classname="by.bsu.mmf.calculatorTest.CalculatorTest"/>
  <testcase name="testDivideByZero" time="0.0" classname="by.bsu.mmf.calculatorTest.CalculatorTest"/>
  <testcase name="testDivideZero" time="0.0" classname="by.bsu.mmf.calculatorTest.CalculatorTest"/>
  <testcase name="testMultiply" time="0.0" classname="by.bsu.mmf.calculatorTest.CalculatorTest"/>
  <testcase name="testMultiplyByZero" time="0.0" classname="by.bsu.mmf.calculatorTest.CalculatorTest"/>
  <testcase name="testSubtraction" time="0.0" classname="by.bsu.mmf.calculatorTest.CalculatorTest"/>
  <testcase name="testSubtractionMinus" time="0.0" classname="by.bsu.mmf.calculatorTest.CalculatorTest"/>
  <testcase name="testSubtractionTwoMinus" time="0.0" classname="by.bsu.mmf.calculatorTest.CalculatorTest"/>
  <testcase name="testSum" time="0.0" classname="by.bsu.mmf.calculatorTest.CalculatorTest"/>
  <testcase name="testSumMinus" time="0.0" classname="by.bsu.mmf.calculatorTest.CalculatorTest"/>
  <testcase name="testSumTwoMinus" time="0.0" classname="by.bsu.mmf.calculatorTest.CalculatorTest"/>
  <testcase name="testSumZero" time="0.0" classname="by.bsu.mmf.calculatorTest.CalculatorTest"/>
</testsuite> <!-- Surefire test -->
