<?xml version="1.0" encoding="UTF-8"?>
<testng-results skipped="0" failed="0" ignored="0" total="28" passed="28">
  <reporter-output>
  </reporter-output>
  <suite name="Surefire suite" duration-ms="79" started-at="2017-11-30T20:58:06Z" finished-at="2017-11-30T20:58:06Z">
    <groups>
    </groups>
    <test name="Surefire test" duration-ms="79" started-at="2017-11-30T20:58:06Z" finished-at="2017-11-30T20:58:06Z">
      <class name="by.bsu.mmf.calculator.CalculatorTest">
        <test-method status="PASS" signature="setUp()[pri:0, instance:by.bsu.mmf.calculator.CalculatorTest@7dc36524]" name="setUp" is-config="true" duration-ms="16" started-at="2017-11-30T23:58:06Z" finished-at="2017-11-30T23:58:06Z">
          <reporter-output>
          </reporter-output>
        </test-method> <!-- setUp -->
        <test-method status="PASS" signature="setUp()[pri:0, instance:by.bsu.mmf.calculatorTest.CalculatorTest@35bbe5e8]" name="setUp" is-config="true" duration-ms="0" started-at="2017-11-30T23:58:06Z" finished-at="2017-11-30T23:58:06Z">
          <reporter-output>
          </reporter-output>
        </test-method> <!-- setUp -->
        <test-method status="PASS" signature="testDivide()[pri:0, instance:by.bsu.mmf.calculator.CalculatorTest@7dc36524]" name="testDivide" duration-ms="0" started-at="2017-11-30T23:58:06Z" finished-at="2017-11-30T23:58:06Z">
          <reporter-output>
          </reporter-output>
        </test-method> <!-- testDivide -->
        <test-method status="PASS" signature="testMultiplyTwoMinus()[pri:0, instance:by.bsu.mmf.calculator.CalculatorTest@7dc36524]" name="testMultiplyTwoMinus" duration-ms="0" started-at="2017-11-30T23:58:06Z" finished-at="2017-11-30T23:58:06Z">
          <reporter-output>
          </reporter-output>
        </test-method> <!-- testMultiplyTwoMinus -->
        <test-method status="PASS" signature="testSumMinus()[pri:0, instance:by.bsu.mmf.calculator.CalculatorTest@7dc36524]" name="testSumMinus" duration-ms="0" started-at="2017-11-30T23:58:06Z" finished-at="2017-11-30T23:58:06Z">
          <reporter-output>
          </reporter-output>
        </test-method> <!-- testSumMinus -->
        <test-method status="PASS" signature="testSubtractionMinus()[pri:0, instance:by.bsu.mmf.calculator.CalculatorTest@7dc36524]" name="testSubtractionMinus" duration-ms="0" started-at="2017-11-30T23:58:06Z" finished-at="2017-11-30T23:58:06Z">
          <reporter-output>
          </reporter-output>
        </test-method> <!-- testSubtractionMinus -->
        <test-method status="PASS" signature="testSubtractionTwoMinus()[pri:0, instance:by.bsu.mmf.calculator.CalculatorTest@7dc36524]" name="testSubtractionTwoMinus" duration-ms="0" started-at="2017-11-30T23:58:06Z" finished-at="2017-11-30T23:58:06Z">
          <reporter-output>
          </reporter-output>
        </test-method> <!-- testSubtractionTwoMinus -->
        <test-method status="PASS" signature="testMultiply()[pri:0, instance:by.bsu.mmf.calculator.CalculatorTest@7dc36524]" name="testMultiply" duration-ms="0" started-at="2017-11-30T23:58:06Z" finished-at="2017-11-30T23:58:06Z">
          <reporter-output>
          </reporter-output>
        </test-method> <!-- testMultiply -->
        <test-method status="PASS" signature="testDivideZero()[pri:0, instance:by.bsu.mmf.calculator.CalculatorTest@7dc36524]" name="testDivideZero" duration-ms="0" started-at="2017-11-30T23:58:06Z" finished-at="2017-11-30T23:58:06Z">
          <reporter-output>
          </reporter-output>
        </test-method> <!-- testDivideZero -->
        <test-method status="PASS" signature="testSum()[pri:0, instance:by.bsu.mmf.calculator.CalculatorTest@7dc36524]" name="testSum" duration-ms="0" started-at="2017-11-30T23:58:06Z" finished-at="2017-11-30T23:58:06Z">
          <reporter-output>
          </reporter-output>
        </test-method> <!-- testSum -->
        <test-method status="PASS" signature="testMultiplyByZero()[pri:0, instance:by.bsu.mmf.calculator.CalculatorTest@7dc36524]" name="testMultiplyByZero" duration-ms="0" started-at="2017-11-30T23:58:06Z" finished-at="2017-11-30T23:58:06Z">
          <reporter-output>
          </reporter-output>
        </test-method> <!-- testMultiplyByZero -->
        <test-method status="PASS" signature="testSubtraction()[pri:0, instance:by.bsu.mmf.calculator.CalculatorTest@7dc36524]" name="testSubtraction" duration-ms="0" started-at="2017-11-30T23:58:06Z" finished-at="2017-11-30T23:58:06Z">
          <reporter-output>
          </reporter-output>
        </test-method> <!-- testSubtraction -->
        <test-method status="PASS" signature="testSubtractionZero()[pri:0, instance:by.bsu.mmf.calculator.CalculatorTest@7dc36524]" name="testSubtractionZero" duration-ms="0" started-at="2017-11-30T23:58:06Z" finished-at="2017-11-30T23:58:06Z">
          <reporter-output>
          </reporter-output>
        </test-method> <!-- testSubtractionZero -->
        <test-method status="PASS" signature="testSumTwoMinus()[pri:0, instance:by.bsu.mmf.calculator.CalculatorTest@7dc36524]" name="testSumTwoMinus" duration-ms="0" started-at="2017-11-30T23:58:06Z" finished-at="2017-11-30T23:58:06Z">
          <reporter-output>
          </reporter-output>
        </test-method> <!-- testSumTwoMinus -->
        <test-method status="PASS" signature="testDivideTwoMinus()[pri:0, instance:by.bsu.mmf.calculator.CalculatorTest@7dc36524]" name="testDivideTwoMinus" duration-ms="0" started-at="2017-11-30T23:58:06Z" finished-at="2017-11-30T23:58:06Z">
          <reporter-output>
          </reporter-output>
        </test-method> <!-- testDivideTwoMinus -->
        <test-method status="PASS" signature="testDivideByZero()[pri:0, instance:by.bsu.mmf.calculator.CalculatorTest@7dc36524]" name="testDivideByZero" duration-ms="0" started-at="2017-11-30T23:58:06Z" finished-at="2017-11-30T23:58:06Z">
          <reporter-output>
          </reporter-output>
        </test-method> <!-- testDivideByZero -->
        <test-method status="PASS" signature="testMultiplyMinus()[pri:0, instance:by.bsu.mmf.calculator.CalculatorTest@7dc36524]" name="testMultiplyMinus" duration-ms="0" started-at="2017-11-30T23:58:06Z" finished-at="2017-11-30T23:58:06Z">
          <reporter-output>
          </reporter-output>
        </test-method> <!-- testMultiplyMinus -->
        <test-method status="PASS" signature="testSumZero()[pri:0, instance:by.bsu.mmf.calculator.CalculatorTest@7dc36524]" name="testSumZero" duration-ms="0" started-at="2017-11-30T23:58:06Z" finished-at="2017-11-30T23:58:06Z">
          <reporter-output>
          </reporter-output>
        </test-method> <!-- testSumZero -->
      </class> <!-- by.bsu.mmf.calculator.CalculatorTest -->
      <class name="by.bsu.mmf.calculatorTest.CalculatorTest">
        <test-method status="PASS" signature="testSumZero()[pri:0, instance:by.bsu.mmf.calculatorTest.CalculatorTest@35bbe5e8]" name="testSumZero" duration-ms="16" started-at="2017-11-30T23:58:06Z" finished-at="2017-11-30T23:58:06Z">
          <reporter-output>
          </reporter-output>
        </test-method> <!-- testSumZero -->
        <test-method status="PASS" signature="testSubtractionTwoMinus()[pri:0, instance:by.bsu.mmf.calculatorTest.CalculatorTest@35bbe5e8]" name="testSubtractionTwoMinus" duration-ms="0" started-at="2017-11-30T23:58:06Z" finished-at="2017-11-30T23:58:06Z">
          <reporter-output>
          </reporter-output>
        </test-method> <!-- testSubtractionTwoMinus -->
        <test-method status="PASS" signature="testMultiplyByZero()[pri:0, instance:by.bsu.mmf.calculatorTest.CalculatorTest@35bbe5e8]" name="testMultiplyByZero" duration-ms="0" started-at="2017-11-30T23:58:06Z" finished-at="2017-11-30T23:58:06Z">
          <reporter-output>
          </reporter-output>
        </test-method> <!-- testMultiplyByZero -->
        <test-method status="PASS" signature="testDivide()[pri:0, instance:by.bsu.mmf.calculatorTest.CalculatorTest@35bbe5e8]" name="testDivide" duration-ms="0" started-at="2017-11-30T23:58:06Z" finished-at="2017-11-30T23:58:06Z">
          <reporter-output>
          </reporter-output>
        </test-method> <!-- testDivide -->
        <test-method status="PASS" signature="testDivideByZero()[pri:0, instance:by.bsu.mmf.calculatorTest.CalculatorTest@35bbe5e8]" name="testDivideByZero" duration-ms="0" started-at="2017-11-30T23:58:06Z" finished-at="2017-11-30T23:58:06Z">
          <reporter-output>
          </reporter-output>
        </test-method> <!-- testDivideByZero -->
        <test-method status="PASS" signature="testMultiply()[pri:0, instance:by.bsu.mmf.calculatorTest.CalculatorTest@35bbe5e8]" name="testMultiply" duration-ms="0" started-at="2017-11-30T23:58:06Z" finished-at="2017-11-30T23:58:06Z">
          <reporter-output>
          </reporter-output>
        </test-method> <!-- testMultiply -->
        <test-method status="PASS" signature="testSubtractionMinus()[pri:0, instance:by.bsu.mmf.calculatorTest.CalculatorTest@35bbe5e8]" name="testSubtractionMinus" duration-ms="0" started-at="2017-11-30T23:58:06Z" finished-at="2017-11-30T23:58:06Z">
          <reporter-output>
          </reporter-output>
        </test-method> <!-- testSubtractionMinus -->
        <test-method status="PASS" signature="testSum()[pri:0, instance:by.bsu.mmf.calculatorTest.CalculatorTest@35bbe5e8]" name="testSum" duration-ms="0" started-at="2017-11-30T23:58:06Z" finished-at="2017-11-30T23:58:06Z">
          <reporter-output>
          </reporter-output>
        </test-method> <!-- testSum -->
        <test-method status="PASS" signature="testDivideZero()[pri:0, instance:by.bsu.mmf.calculatorTest.CalculatorTest@35bbe5e8]" name="testDivideZero" duration-ms="0" started-at="2017-11-30T23:58:06Z" finished-at="2017-11-30T23:58:06Z">
          <reporter-output>
          </reporter-output>
        </test-method> <!-- testDivideZero -->
        <test-method status="PASS" signature="testSumTwoMinus()[pri:0, instance:by.bsu.mmf.calculatorTest.CalculatorTest@35bbe5e8]" name="testSumTwoMinus" duration-ms="0" started-at="2017-11-30T23:58:06Z" finished-at="2017-11-30T23:58:06Z">
          <reporter-output>
          </reporter-output>
        </test-method> <!-- testSumTwoMinus -->
        <test-method status="PASS" signature="testSubtraction()[pri:0, instance:by.bsu.mmf.calculatorTest.CalculatorTest@35bbe5e8]" name="testSubtraction" duration-ms="0" started-at="2017-11-30T23:58:06Z" finished-at="2017-11-30T23:58:06Z">
          <reporter-output>
          </reporter-output>
        </test-method> <!-- testSubtraction -->
        <test-method status="PASS" signature="testSumMinus()[pri:0, instance:by.bsu.mmf.calculatorTest.CalculatorTest@35bbe5e8]" name="testSumMinus" duration-ms="0" started-at="2017-11-30T23:58:06Z" finished-at="2017-11-30T23:58:06Z">
          <reporter-output>
          </reporter-output>
        </test-method> <!-- testSumMinus -->
      </class> <!-- by.bsu.mmf.calculatorTest.CalculatorTest -->
    </test> <!-- Surefire test -->
  </suite> <!-- Surefire suite -->
</testng-results>
