<?xml version="1.0" encoding="UTF-8"?>
<testsuite xmlns:xsi="http://www.w3.org/2001/XMLSchema-instance" xsi:noNamespaceSchemaLocation="https://maven.apache.org/surefire/maven-surefire-plugin/xsd/surefire-test-report.xsd" name="TestSuite" time="0.626" tests="24" errors="0" skipped="0" failures="0">
  <properties>
[...]
</properties>
  <testcase name="testDivide" classname="by.bsu.mmf.calculator.CalculatorTest" time="0"/>
  <testcase name="testDivideByZero" classname="by.bsu.mmf.calculator.CalculatorTest" time="0"/>
  <testcase name="testDivideZero" classname="by.bsu.mmf.calculator.CalculatorTest" time="0"/>
  <testcase name="testMultiply" classname="by.bsu.mmf.calculator.CalculatorTest" time="0"/>
  <testcase name="testMultiplyByZero" classname="by.bsu.mmf.calculator.CalculatorTest" time="0"/>
  <testcase name="testSubtraction" classname="by.bsu.mmf.calculator.CalculatorTest" time="0"/>
  <testcase name="testSubtractionMinus" classname="by.bsu.mmf.calculator.CalculatorTest" time="0"/>
  <testcase name="testSubtractionTwoMinus" classname="by.bsu.mmf.calculator.CalculatorTest" time="0"/>
  <testcase name="testSum" classname="by.bsu.mmf.calculator.CalculatorTest" time="0"/>
  <testcase name="testSumMinus" classname="by.bsu.mmf.calculator.CalculatorTest" time="0"/>
  <testcase name="testSumTwoMinus" classname="by.bsu.mmf.calculator.CalculatorTest" time="0"/>
  <testcase name="testSumZero" classname="by.bsu.mmf.calculator.CalculatorTest" time="0"/>
  <testcase name="testDivide" classname="by.bsu.mmf.calculatorTest.CalculatorTest" time="0"/>
  <testcase name="testDivideByZero" classname="by.bsu.mmf.calculatorTest.CalculatorTest" time="0"/>
  <testcase name="testDivideZero" classname="by.bsu.mmf.calculatorTest.CalculatorTest" time="0"/>
  <testcase name="testMultiply" classname="by.bsu.mmf.calculatorTest.CalculatorTest" time="0"/>
  <testcase name="testMultiplyByZero" classname="by.bsu.mmf.calculatorTest.CalculatorTest" time="0"/>
  <testcase name="testSubtraction" classname="by.bsu.mmf.calculatorTest.CalculatorTest" time="0"/>
  <testcase name="testSubtractionMinus" classname="by.bsu.mmf.calculatorTest.CalculatorTest" time="0"/>
  <testcase name="testSubtractionTwoMinus" classname="by.bsu.mmf.calculatorTest.CalculatorTest" time="0"/>
  <testcase name="testSum" classname="by.bsu.mmf.calculatorTest.CalculatorTest" time="0"/>
  <testcase name="testSumMinus" classname="by.bsu.mmf.calculatorTest.CalculatorTest" time="0"/>
  <testcase name="testSumTwoMinus" classname="by.bsu.mmf.calculatorTest.CalculatorTest" time="0"/>
  <testcase name="testSumZero" classname="by.bsu.mmf.calculatorTest.CalculatorTest" time="0"/>
</testsuite>